<?xml version="1.0" encoding="UTF-8"?>
<!-- Generated by org.testng.reporters.JUnitXMLReporter -->
<testsuite ignored="0" hostname="LAPTOP-D75CE3BM" failures="0" tests="5" name="Test" time="3.63" errors="0" timestamp="2022-10-26T13:41:10 IST">
  <testcase classname="org.testing.testcases.TC1_Getallrecords" name="testcase1" time="1.515"/>
  <testcase classname="org.testing.testcases.TC2_Postrecord" name="Testcase2" time="0.668"/>
  <testcase classname="org.testing.testcases.TC3_Getsinglerecord" name="testcase3" time="0.157"/>
  <testcase classname="org.testing.testcases.TC4_Putrecord" name="Testcase4" time="0.598"/>
  <testcase classname="org.testing.testcases.TC5_Deletrecord" name="testcase5" time="0.636"/>
</testsuite> <!-- Test -->
